0 info it worked if it ends with ok
1 verbose cli [ 'node',
1 verbose cli   '/Users/ryan/.node/bin/npm',
1 verbose cli   'install',
1 verbose cli   'grunt-karma',
1 verbose cli   '--save-dev' ]
2 info using npm@1.4.26
3 info using node@v0.10.31
4 verbose node symlink /usr/local/bin/node
5 warn package.json ttt@0.0.0 No description
6 warn package.json ttt@0.0.0 No repository field.
7 warn package.json ttt@0.0.0 No README data
8 verbose readDependencies using package.json deps
9 verbose cache add [ 'grunt-karma', null ]
10 verbose cache add name=undefined spec="grunt-karma" args=["grunt-karma",null]
11 verbose parsed url { protocol: null,
11 verbose parsed url   slashes: null,
11 verbose parsed url   auth: null,
11 verbose parsed url   host: null,
11 verbose parsed url   port: null,
11 verbose parsed url   hostname: null,
11 verbose parsed url   hash: null,
11 verbose parsed url   search: null,
11 verbose parsed url   query: null,
11 verbose parsed url   pathname: 'grunt-karma',
11 verbose parsed url   path: 'grunt-karma',
11 verbose parsed url   href: 'grunt-karma' }
12 silly lockFile 707ccff9-grunt-karma grunt-karma
13 verbose lock grunt-karma /Users/ryan/.npm/707ccff9-grunt-karma.lock
14 silly lockFile 707ccff9-grunt-karma grunt-karma
15 silly lockFile 707ccff9-grunt-karma grunt-karma
16 verbose addNamed [ 'grunt-karma', '' ]
17 verbose addNamed [ null, '*' ]
18 silly lockFile 94531edb-grunt-karma grunt-karma@
19 verbose lock grunt-karma@ /Users/ryan/.npm/94531edb-grunt-karma.lock
20 silly addNameRange { name: 'grunt-karma', range: '*', hasData: false }
21 verbose request where is /grunt-karma
22 verbose request registry https://registry.npmjs.org/
23 verbose request id 0dddb8bcecfcbfb0
24 verbose url raw /grunt-karma
25 verbose url resolving [ 'https://registry.npmjs.org/', './grunt-karma' ]
26 verbose url resolved https://registry.npmjs.org/grunt-karma
27 verbose request where is https://registry.npmjs.org/grunt-karma
28 info trying registry request attempt 1 at 15:21:07
29 verbose etag "BPQKXC3YXGHSZVUKMCNICQVWF"
30 http GET https://registry.npmjs.org/grunt-karma
31 http 304 https://registry.npmjs.org/grunt-karma
32 silly registry.get cb [ 304,
32 silly registry.get   { date: 'Fri, 05 Sep 2014 19:21:08 GMT',
32 silly registry.get     server: 'Apache',
32 silly registry.get     via: '1.1 varnish',
32 silly registry.get     'last-modified': 'Fri, 05 Sep 2014 19:21:08 GMT',
32 silly registry.get     'cache-control': 'max-age=60',
32 silly registry.get     etag: '"BPQKXC3YXGHSZVUKMCNICQVWF"',
32 silly registry.get     'x-served-by': 'cache-sjc3128-SJC',
32 silly registry.get     'x-cache': 'HIT',
32 silly registry.get     'x-cache-hits': '1',
32 silly registry.get     'x-timer': 'S1409944868.181314,VS0,VE0',
32 silly registry.get     vary: 'Accept',
32 silly registry.get     'content-length': '0',
32 silly registry.get     'keep-alive': 'timeout=10, max=50',
32 silly registry.get     connection: 'Keep-Alive' } ]
33 verbose etag https://registry.npmjs.org/grunt-karma from cache
34 silly addNameRange number 2 { name: 'grunt-karma', range: '*', hasData: true }
35 silly addNameRange versions [ 'grunt-karma',
35 silly addNameRange   [ '0.3.0',
35 silly addNameRange     '0.4.0',
35 silly addNameRange     '0.4.1',
35 silly addNameRange     '0.4.2',
35 silly addNameRange     '0.4.3',
35 silly addNameRange     '0.4.4',
35 silly addNameRange     '0.5.0',
35 silly addNameRange     '0.4.5',
35 silly addNameRange     '0.5.1',
35 silly addNameRange     '0.5.2',
35 silly addNameRange     '0.4.6',
35 silly addNameRange     '0.5.3',
35 silly addNameRange     '0.5.4',
35 silly addNameRange     '0.6.0',
35 silly addNameRange     '0.6.1',
35 silly addNameRange     '0.7.0',
35 silly addNameRange     '0.6.2',
35 silly addNameRange     '0.7.1',
35 silly addNameRange     '0.7.2',
35 silly addNameRange     '0.7.3',
35 silly addNameRange     '0.8.0',
35 silly addNameRange     '0.8.1',
35 silly addNameRange     '0.8.2',
35 silly addNameRange     '0.8.3',
35 silly addNameRange     '0.9.0' ] ]
36 verbose addNamed [ 'grunt-karma', '0.9.0' ]
37 verbose addNamed [ '0.9.0', '0.9.0' ]
38 silly lockFile 1c374840-grunt-karma-0-9-0 grunt-karma@0.9.0
39 verbose lock grunt-karma@0.9.0 /Users/ryan/.npm/1c374840-grunt-karma-0-9-0.lock
40 silly lockFile 96cf10aa-runt-karma-grunt-karma-0-9-0-tgz https://registry.npmjs.org/grunt-karma/-/grunt-karma-0.9.0.tgz
41 verbose lock https://registry.npmjs.org/grunt-karma/-/grunt-karma-0.9.0.tgz /Users/ryan/.npm/96cf10aa-runt-karma-grunt-karma-0-9-0-tgz.lock
42 verbose addRemoteTarball [ 'https://registry.npmjs.org/grunt-karma/-/grunt-karma-0.9.0.tgz',
42 verbose addRemoteTarball   'de3d6ac478ffca350e729f3457457d5b0910e96b' ]
43 info retry fetch attempt 1 at 15:21:08
44 verbose fetch to= /var/folders/km/xfwyr9cj1sx6xxsjptvwrp840000gn/T/npm-31666-vzmgg3Np/registry.npmjs.org/grunt-karma/-/grunt-karma-0.9.0.tgz
45 http GET https://registry.npmjs.org/grunt-karma/-/grunt-karma-0.9.0.tgz
46 http 200 https://registry.npmjs.org/grunt-karma/-/grunt-karma-0.9.0.tgz
47 silly lockFile 96cf10aa-runt-karma-grunt-karma-0-9-0-tgz https://registry.npmjs.org/grunt-karma/-/grunt-karma-0.9.0.tgz
48 silly lockFile 96cf10aa-runt-karma-grunt-karma-0-9-0-tgz https://registry.npmjs.org/grunt-karma/-/grunt-karma-0.9.0.tgz
49 silly lockFile 1c374840-grunt-karma-0-9-0 grunt-karma@0.9.0
50 silly lockFile 1c374840-grunt-karma-0-9-0 grunt-karma@0.9.0
51 silly lockFile 94531edb-grunt-karma grunt-karma@
52 silly lockFile 94531edb-grunt-karma grunt-karma@
53 error Error: EACCES, mkdir '/Users/ryan/.npm/grunt-karma/0.9.0'
53 error  { [Error: EACCES, mkdir '/Users/ryan/.npm/grunt-karma/0.9.0']
53 error   errno: 3,
53 error   code: 'EACCES',
53 error   path: '/Users/ryan/.npm/grunt-karma/0.9.0',
53 error   parent: 'ttt' }
54 error Please try running this command again as root/Administrator.
55 error System Darwin 13.3.0
56 error command "node" "/Users/ryan/.node/bin/npm" "install" "grunt-karma" "--save-dev"
57 error cwd /Users/ryan/Documents/active/ttt
58 error node -v v0.10.31
59 error npm -v 1.4.26
60 error path /Users/ryan/.npm/grunt-karma/0.9.0
61 error code EACCES
62 error errno 3
63 error stack Error: EACCES, mkdir '/Users/ryan/.npm/grunt-karma/0.9.0'
64 verbose exit [ 3, true ]
